make all --print-data-base --no-builtin-variables --no-builtin-rules --question
make: *** No rule to make target 'all'.  Stop.

# GNU Make 4.3
# Built for x86_64-slackware-linux-gnu
# Copyright (C) 1988-2020 Free Software Foundation, Inc.
# License GPLv3+: GNU GPL version 3 or later <http://gnu.org/licenses/gpl.html>
# This is free software: you are free to change and redistribute it.
# There is NO WARRANTY, to the extent permitted by law.

# Make data base, printed on Wed May 25 00:03:04 2022

# Variables

# environment
JAVA_HOME = /usr/lib64/zulu-openjdk17
# environment
GDK_BACKEND = x11
# environment
LC_ALL = C
# environment
NO_AT_BRIDGE = 1
# environment
GTK_RC_FILES = /etc/gtk/gtkrc:/home/kmw/.gtkrc:/home/kmw/.config/gtkrc
# environment
VBOX_PROGRAM_PATH = /usr/lib64/virtualbox/
# environment
VSCODE_IPC_HOOK_EXTHOST = /run/user/1000/vscode-ipc-10dd98ed-657d-4ff8-b9f8-83ac038df77e.sock
# environment
GNOME_KEYRING_CONTROL = /home/kmw/.cache/keyring-T6N8L1
# environment
VSCODE_CWD = /home/kmw
# default
MAKE_COMMAND := make
# automatic
@D = $(patsubst %/,%,$(dir $@))
# environment
VSCODE_HANDLES_UNCAUGHT_ERRORS = true
# default
.VARIABLES := 
# environment
PWD = /home/kmw/CosmOS
# automatic
%D = $(patsubst %/,%,$(dir $%))
# environment
QT5DIR = /usr/lib64/qt5
# environment
HOSTNAME = borodin.local
# automatic
^D = $(patsubst %/,%,$(dir $^))
# environment
VSCODE_LOG_STACK = false
# automatic
%F = $(notdir $%)
# environment
VSCODE_CODE_CACHE_PATH = /home/kmw/.config/Code/CachedData/da15b6fd3ef856477bf6f4fb29ba1b7af717770d
# environment
XDG_SESSION_PATH = /org/freedesktop/DisplayManager/Session1
# environment
LANG = C
# environment
XAUTHORITY = /home/kmw/.Xauthority
# default
.LOADED := 
# default
.INCLUDE_DIRS = /usr/include /usr/local/include /usr/include
# makefile
MAKEFLAGS = pqrR
# environment
PKG_CONFIG_PATH = /usr/local/lib64/pkgconfig:/usr/local/share/pkgconfig:/usr/lib64/pkgconfig:/usr/share/pkgconfig:/usr/local/lib64/pkgconfig:/usr/local/share/pkgconfig:/usr/local/lib64/pkgconfig:/usr/local/share/pkgconfig:/usr/local/lib64/pkgconfig:/usr/local/share/pkgconfig
# makefile
CURDIR := /home/kmw/CosmOS
# environment
VSCODE_PIPE_LOGGING = true
# environment
APPLICATION_INSIGHTS_NO_DIAGNOSTIC_CHANNEL = 1
# environment
LESSOPEN = |lesspipe.sh %s
# automatic
*D = $(patsubst %/,%,$(dir $*))
# environment
PAM_KWALLET5_LOGIN = /run/user/1000/kwallet5.socket
# environment
MFLAGS = -pqrR
# default
.SHELLFLAGS := -c
# environment
XDG_CONFIG_DIRS = /home/kmw/.config/kdedefaults:/etc/xdg:/etc/kde/xdg:/etc/kde/xdg:/etc/kde/xdg:/etc/kde/xdg
# automatic
+D = $(patsubst %/,%,$(dir $+))
# environment
XCURSOR_THEME = breeze_cursors
# environment
XDG_SESSION_DESKTOP = KDE
# makefile
MAKEFILE_LIST := 
# automatic
@F = $(notdir $@)
# environment
LC_COLLATE = C
# environment
VSCODE_VERBOSE_LOGGING = true
# environment
VSCODE_PID = 4982
# environment
XDG_SESSION_TYPE = x11
# automatic
?D = $(patsubst %/,%,$(dir $?))
# environment
SESSION_MANAGER = local/borodin.local:@/tmp/.ICE-unix/2149,unix/borodin.local:/tmp/.ICE-unix/2149
# automatic
*F = $(notdir $*)
# environment
MANPATH = /usr/local/man:/usr/man:/usr/lib64/jdk11-11.0.8/man:/usr/lib64/java/jre/man:/usr/lib64/zulu-openjdk17/man
# environment
CHROME_DESKTOP = code-url-handler.desktop
# environment
DBUS_SESSION_BUS_ADDRESS = unix:abstract=/tmp/dbus-jWGysIJdPn,guid=0615fb0682ada3cb60df9d4e628da180
# automatic
<D = $(patsubst %/,%,$(dir $<))
# environment
VSCODE_NLS_CONFIG = {"locale":"en-us","availableLanguages":{},"_languagePackSupport":true}
# default
MAKE_HOST := x86_64-slackware-linux-gnu
# makefile
SHELL = /bin/sh
# default
MAKECMDGOALS := all
# environment
LD_LIBRARY_PATH = :/usr/lib64/zulu-openjdk17/lib/server:/usr/lib64/zulu-openjdk17/lib/server:/usr/lib64/zulu-openjdk17/lib/server:/usr/lib64/zulu-openjdk17/lib/server
# environment
SHLVL = 0
# environment
MAKELEVEL := 0
# default
MAKE = $(MAKE_COMMAND)
# environment
PATH = /usr/local/bin:/usr/bin:/bin:/usr/games:/usr/share/ant/bin:/usr/lib64/jdk11-11.0.8/bin:/usr/lib64/libexec/kf5:/usr/lib64/kde4/libexec:/usr/lib64/java/jre/bin:/usr/lib64/qt5/bin:/usr/lib64/zulu-openjdk17/bin
# default
MAKEFILES := 
# automatic
^F = $(notdir $^)
# environment
LC_TIME = C
# environment
VSCODE_LOG_NATIVE = false
# environment
MINICOM = -c on
# environment
VBOX_SDK_PATH = /usr/share/virtualbox/sdk/
# automatic
?F = $(notdir $?)
# environment
KDE_APPLICATIONS_AS_SCOPE = 1
# environment
XDG_SEAT = seat0
# environment
XDG_CURRENT_DESKTOP = KDE
# environment
KDEDIRS = /usr
# environment
LS_COLORS = 
# automatic
+F = $(notdir $+)
# environment
XDG_SEAT_PATH = /org/freedesktop/DisplayManager/Seat0
# environment
LESS = -M
# environment
DESKTOP_SESSION = /usr/share/xsessions/plasma
# environment
ORIGINAL_XDG_CURRENT_DESKTOP = KDE
# 'override' directive
GNUMAKEFLAGS := 
# environment
LOGNAME = kmw
# environment
G_FILENAME_ENCODING = @locale
# environment
XDG_VTNR = 7
# makefile
.DEFAULT_GOAL := 
# environment
DISPLAY = :0
# environment
USER = kmw
# default
MAKE_VERSION := 4.3
# environment
KDE_SESSION_UID = 1000
# environment
VDPAU_LOG = 0
# environment
_ = /usr/bin/make
# environment
XDG_RUNTIME_DIR = /run/user/1000
# environment
G_BROKEN_FILENAMES = 1
# environment
NODE_PATH = /usr/lib64/node_modules
# environment
XDG_SESSION_CLASS = user
# environment
VSCODE_AMD_ENTRYPOINT = vs/workbench/api/node/extensionHostProcess
# environment
GTK2_RC_FILES = /etc/gtk-2.0/gtkrc:/home/kmw/.gtkrc-2.0:/home/kmw/.config/gtkrc-2.0
# environment
HOME = /home/kmw
# environment
ELECTRON_RUN_AS_NODE = 1
# environment
ANT_HOME = /usr/share/ant
# environment
VSCODE_IPC_HOOK = /run/user/1000/vscode-d94677aa-1.67.1-main.sock
# environment
TERM = dumb
# environment
XDG_SESSION_ID = 1
# environment
XCURSOR_SIZE = 24
# default
.RECIPEPREFIX := 
# automatic
<F = $(notdir $<)
# default
SUFFIXES := 
# environment
QT_AUTO_SCREEN_SCALE_FACTOR = 0
# environment
LS_OPTIONS = -F -b -T 0 --color=auto
# environment
GDK_USE_XFT = 1
# environment
KDE_SESSION_VERSION = 5
# default
.FEATURES := target-specific order-only second-expansion else-if shortest-stem undefine oneshell nocomment grouped-target extra-prereqs archives jobserver output-sync check-symlink guile load
# environment
KDE_FULL_SESSION = true
# environment
T1LIB_CONFIG = /usr/share/t1lib/t1lib.config
# variable set hash-table stats:
# Load=113/1024=11%, Rehash=0, Collisions=9/140=6%

# Pattern-specific Variable Values

# No pattern-specific variable values.

# Directories

# . (device 2049, inode 8519847): 18 files, no impossibilities.

# 18 files, no impossibilities in 1 directories.

# Implicit Rules

# No implicit rules.

# Files

# Not a target:
Makefile:
#  Implicit rule search has been done.
#  File does not exist.
#  File has been updated.
#  Failed to be updated.

# Not a target:
.DEFAULT:
#  Implicit rule search has not been done.
#  Modification time never checked.
#  File has not been updated.

# Not a target:
all:
#  Command line target.
#  Implicit rule search has been done.
#  File does not exist.
#  File has not been updated.

# Not a target:
makefile:
#  Implicit rule search has been done.
#  File does not exist.
#  File has been updated.
#  Failed to be updated.

 
# Not a target:
GNUmakefile:
#  Implicit rule search has been done.
#  File does not exist.
#  File has been updated.
#  Failed to be updated.

# files hash-table stats:
# Load=6/1024=1%, Rehash=0, Collisions=0/15=0%
# VPATH Search Paths

# No 'vpath' search paths.

# No general ('VPATH' variable) search path.

# strcache buffers: 1 (0) / strings = 26 / storage = 218 B / avg = 8 B
# current buf: size = 8162 B / used = 218 B / count = 26 / avg = 8 B

# strcache performance: lookups = 29 / hit rate = 10%
# hash-table stats:
# Load=26/8192=0%, Rehash=0, Collisions=0/29=0%
# Finished Make data base on Wed May 25 00:03:04 2022

 
